<?xml version="1.0" encoding="UTF-8"?>
<!-- Generated by org.testng.reporters.JUnitReportReporter -->
<testsuite hostname="LAPTOP-FME0P63N" failures="0" tests="2" name="screenshot.TimeOutScreenshot" time="7.560" errors="2" timestamp="2023-08-08T17:36:48 IST" skipped="0">
  <testcase classname="screenshot.TimeOutScreenshot" name="takescreenshot" time="0.003">
    <error message="Unresolved compilation problems: 
	DateFormat cannot be resolved to a type
	TakeScreenshot cannot be resolved to a type
	TakeScreenshot cannot be resolved to a type
	Syntax error on token(s), misplaced construct(s)
	Syntax error on tokens, ( expected instead
	The left-hand side of an assignment must be a variable
	Syntax error, insert &quot;AssignmentOperator Expression&quot; to complete Expression
" type="java.lang.Error">
      <![CDATA[java.lang.Error: Unresolved compilation problems: 
DateFormat cannot be resolved to a type
TakeScreenshot cannot be resolved to a type
TakeScreenshot cannot be resolved to a type
Syntax error on token(s), misplaced construct(s)
Syntax error on tokens, ( expected instead
The left-hand side of an assignment must be a variable
Syntax error, insert "AssignmentOperator Expression" to complete Expression

at screenshot.TimeOutScreenshot.takescreenshot(TimeOutScreenshot.java:25)
at java.base/jdk.internal.reflect.NativeMethodAccessorImpl.invoke0(Native Method)
at java.base/jdk.internal.reflect.NativeMethodAccessorImpl.invoke(NativeMethodAccessorImpl.java:77)
at java.base/jdk.internal.reflect.DelegatingMethodAccessorImpl.invoke(DelegatingMethodAccessorImpl.java:43)
at java.base/java.lang.reflect.Method.invoke(Method.java:568)
at org.testng.internal.invokers.MethodInvocationHelper.invokeMethod(MethodInvocationHelper.java:139)
at org.testng.internal.invokers.TestInvoker.invokeMethod(TestInvoker.java:664)
at org.testng.internal.invokers.TestInvoker.invokeTestMethod(TestInvoker.java:227)
at org.testng.internal.invokers.MethodRunner.runInSequence(MethodRunner.java:50)
at org.testng.internal.invokers.TestInvoker$MethodInvocationAgent.invoke(TestInvoker.java:957)
at org.testng.internal.invokers.TestInvoker.invokeTestMethods(TestInvoker.java:200)
at org.testng.internal.invokers.TestMethodWorker.invokeTestMethods(TestMethodWorker.java:148)
at org.testng.internal.invokers.TestMethodWorker.run(TestMethodWorker.java:128)
at java.base/java.util.ArrayList.forEach(ArrayList.java:1511)
at org.testng.TestRunner.privateRun(TestRunner.java:848)
at org.testng.TestRunner.run(TestRunner.java:621)
at org.testng.SuiteRunner.runTest(SuiteRunner.java:443)
at org.testng.SuiteRunner.runSequentially(SuiteRunner.java:437)
at org.testng.SuiteRunner.privateRun(SuiteRunner.java:397)
at org.testng.SuiteRunner.run(SuiteRunner.java:336)
at org.testng.SuiteRunnerWorker.runSuite(SuiteRunnerWorker.java:52)
at org.testng.SuiteRunnerWorker.run(SuiteRunnerWorker.java:95)
at org.testng.TestNG.runSuitesSequentially(TestNG.java:1280)
at org.testng.TestNG.runSuitesLocally(TestNG.java:1200)
at org.testng.TestNG.runSuites(TestNG.java:1114)
at org.testng.TestNG.run(TestNG.java:1082)
at org.testng.remote.AbstractRemoteTestNG.run(AbstractRemoteTestNG.java:115)
at org.testng.remote.RemoteTestNG.initAndRun(RemoteTestNG.java:251)
at org.testng.remote.RemoteTestNG.main(RemoteTestNG.java:77)
]]>
    </error>
  </testcase> <!-- takescreenshot -->
  <testcase classname="screenshot.TimeOutScreenshot" name="google" time="7.557">
    <error message="Unresolved compilation problems: 
	DateFormat cannot be resolved to a type
	TakeScreenshot cannot be resolved to a type
	TakeScreenshot cannot be resolved to a type
	Syntax error on token(s), misplaced construct(s)
	Syntax error on tokens, ( expected instead
	The left-hand side of an assignment must be a variable
	Syntax error, insert &quot;AssignmentOperator Expression&quot; to complete Expression
" type="java.lang.Error">
      <![CDATA[java.lang.Error: Unresolved compilation problems: 
DateFormat cannot be resolved to a type
TakeScreenshot cannot be resolved to a type
TakeScreenshot cannot be resolved to a type
Syntax error on token(s), misplaced construct(s)
Syntax error on tokens, ( expected instead
The left-hand side of an assignment must be a variable
Syntax error, insert "AssignmentOperator Expression" to complete Expression

at screenshot.TimeOutScreenshot.takescreenshot(TimeOutScreenshot.java:25)
at screenshot.TimeOutScreenshot.google(TimeOutScreenshot.java:36)
at java.base/jdk.internal.reflect.NativeMethodAccessorImpl.invoke0(Native Method)
at java.base/jdk.internal.reflect.NativeMethodAccessorImpl.invoke(NativeMethodAccessorImpl.java:77)
at java.base/jdk.internal.reflect.DelegatingMethodAccessorImpl.invoke(DelegatingMethodAccessorImpl.java:43)
at java.base/java.lang.reflect.Method.invoke(Method.java:568)
at org.testng.internal.invokers.MethodInvocationHelper.invokeMethod(MethodInvocationHelper.java:139)
at org.testng.internal.invokers.TestInvoker.invokeMethod(TestInvoker.java:664)
at org.testng.internal.invokers.TestInvoker.invokeTestMethod(TestInvoker.java:227)
at org.testng.internal.invokers.MethodRunner.runInSequence(MethodRunner.java:50)
at org.testng.internal.invokers.TestInvoker$MethodInvocationAgent.invoke(TestInvoker.java:957)
at org.testng.internal.invokers.TestInvoker.invokeTestMethods(TestInvoker.java:200)
at org.testng.internal.invokers.TestMethodWorker.invokeTestMethods(TestMethodWorker.java:148)
at org.testng.internal.invokers.TestMethodWorker.run(TestMethodWorker.java:128)
at java.base/java.util.ArrayList.forEach(ArrayList.java:1511)
at org.testng.TestRunner.privateRun(TestRunner.java:848)
at org.testng.TestRunner.run(TestRunner.java:621)
at org.testng.SuiteRunner.runTest(SuiteRunner.java:443)
at org.testng.SuiteRunner.runSequentially(SuiteRunner.java:437)
at org.testng.SuiteRunner.privateRun(SuiteRunner.java:397)
at org.testng.SuiteRunner.run(SuiteRunner.java:336)
at org.testng.SuiteRunnerWorker.runSuite(SuiteRunnerWorker.java:52)
at org.testng.SuiteRunnerWorker.run(SuiteRunnerWorker.java:95)
at org.testng.TestNG.runSuitesSequentially(TestNG.java:1280)
at org.testng.TestNG.runSuitesLocally(TestNG.java:1200)
at org.testng.TestNG.runSuites(TestNG.java:1114)
at org.testng.TestNG.run(TestNG.java:1082)
at org.testng.remote.AbstractRemoteTestNG.run(AbstractRemoteTestNG.java:115)
at org.testng.remote.RemoteTestNG.initAndRun(RemoteTestNG.java:251)
at org.testng.remote.RemoteTestNG.main(RemoteTestNG.java:77)
]]>
    </error>
  </testcase> <!-- google -->
</testsuite> <!-- screenshot.TimeOutScreenshot -->
